\BOOKMARK [0][-]{chapter.1}{\376\377\000I\000n\000t\000r\000o\000d\000u\000c\000c\000i\000o\000n}{}% 1
\BOOKMARK [0][-]{chapter.2}{\376\377\000P\000r\000i\000m\000e\000r\000a\000\040\000a\000u\000d\000i\000t\000o\000r\000i\000a}{}% 2
\BOOKMARK [1][-]{section.2.1}{\376\377\000Z\000A\000P}{chapter.2}% 3
\BOOKMARK [1][-]{section.2.2}{\376\377\000s\000q\000l\000m\000a\000p}{chapter.2}% 4
\BOOKMARK [1][-]{section.2.3}{\376\377\000n\000m\000a\000p}{chapter.2}% 5
\BOOKMARK [1][-]{section.2.4}{\376\377\000M\000e\000t\000a\000e\000x\000p\000l\000o\000i\000t}{chapter.2}% 6
\BOOKMARK [0][-]{chapter.3}{\376\377\000V\000u\000l\000n\000e\000r\000a\000b\000i\000l\000i\000d\000a\000d\000e\000s}{}% 7
\BOOKMARK [1][-]{section.3.1}{\376\377\000R\000o\000t\000u\000r\000a\000\040\000d\000e\000\040\000c\000o\000n\000t\000r\000o\000l\000\040\000d\000e\000\040\000a\000c\000c\000e\000s\000o}{chapter.3}% 8
\BOOKMARK [2][-]{subsection.3.1.1}{\376\377\000C\000o\000n\000t\000r\000o\000l\000\040\000d\000e\000\040\000a\000c\000c\000e\000s\000o}{section.3.1}% 9
\BOOKMARK [1][-]{section.3.2}{\376\377\000F\000a\000l\000l\000o\000s\000\040\000c\000r\000i\000p\000t\000o\000g\000r\000\341\000f\000i\000c\000o\000s}{chapter.3}% 10
\BOOKMARK [2][-]{subsection.3.2.1}{\376\377\000C\000i\000f\000r\000a\000d\000o\000\040\000d\000e\000\040\000e\000x\000t\000r\000e\000m\000o\000\040\000a\000\040\000e\000x\000t\000r\000e\000m\000o}{section.3.2}% 11
\BOOKMARK [2][-]{subsection.3.2.2}{\376\377\000A\000l\000m\000a\000c\000e\000n\000a\000m\000i\000e\000n\000t\000o\000\040\000d\000e\000\040\000c\000o\000n\000t\000r\000a\000s\000e\000\361\000a\000s}{section.3.2}% 12
\BOOKMARK [2][-]{subsection.3.2.3}{\376\377\000C\000o\000n\000f\000i\000g\000u\000r\000a\000c\000i\000o\000n\000\040\000e\000r\000r\000o\000n\000e\000a\000\040\000d\000e\000\040\000l\000a\000s\000\040\000C\000o\000o\000k\000i\000e\000s}{section.3.2}% 13
\BOOKMARK [1][-]{section.3.3}{\376\377\000I\000n\000y\000e\000c\000c\000i\000\363\000n}{chapter.3}% 14
\BOOKMARK [2][-]{subsection.3.3.1}{\376\377\000S\000Q\000L\000\040\000I\000n\000j\000e\000c\000t\000i\000o\000n}{section.3.3}% 15
\BOOKMARK [2][-]{subsection.3.3.2}{\376\377\000C\000r\000o\000s\000s\000-\000S\000i\000t\000e\000\040\000S\000c\000r\000i\000p\000t\000i\000n\000g\000\040\000\050\000X\000S\000S\000\051}{section.3.3}% 16
\BOOKMARK [2][-]{subsection.3.3.3}{\376\377\000C\000r\000o\000s\000s\000-\000S\000i\000t\000e\000\040\000R\000e\000q\000u\000e\000s\000t\000\040\000F\000o\000r\000g\000e\000r\000y}{section.3.3}% 17
\BOOKMARK [1][-]{section.3.4}{\376\377\000D\000i\000s\000e\000\361\000o\000\040\000i\000n\000s\000e\000g\000u\000r\000o}{chapter.3}% 18
\BOOKMARK [2][-]{subsection.3.4.1}{\376\377\000R\000e\000u\000t\000i\000l\000i\000z\000a\000c\000i\000o\000n\000\040\000d\000e\000\040\000c\000o\000d\000i\000g\000o\000s\000\040\000s\000e\000g\000u\000r\000o\000s}{section.3.4}% 19
\BOOKMARK [1][-]{section.3.5}{\376\377\000C\000o\000n\000f\000i\000g\000u\000r\000a\000c\000i\000\363\000n\000\040\000d\000e\000\040\000s\000e\000g\000u\000r\000i\000d\000a\000d\000\040\000i\000n\000s\000u\000f\000i\000c\000i\000e\000n\000t\000e}{chapter.3}% 20
\BOOKMARK [2][-]{subsection.3.5.1}{\376\377\000D\000e\000s\000p\000l\000i\000e\000g\000u\000e\000\040\000s\000e\000g\000u\000r\000o}{section.3.5}% 21
\BOOKMARK [2][-]{subsection.3.5.2}{\376\377\000C\000a\000b\000e\000c\000e\000r\000a\000\040\000C\000S\000P}{section.3.5}% 22
\BOOKMARK [2][-]{subsection.3.5.3}{\376\377\000C\000a\000b\000e\000c\000e\000r\000a\000\040\000C\000a\000c\000h\000e\000-\000C\000o\000n\000t\000r\000o\000l}{section.3.5}% 23
\BOOKMARK [2][-]{subsection.3.5.4}{\376\377\000C\000a\000b\000e\000c\000e\000r\000a\000\040\000H\000S\000T\000S}{section.3.5}% 24
\BOOKMARK [2][-]{subsection.3.5.5}{\376\377\000C\000a\000b\000e\000c\000e\000r\000a\000\040\000X\000-\000X\000S\000S\000-\000P\000r\000o\000t\000e\000c\000t\000i\000o\000n}{section.3.5}% 25
\BOOKMARK [2][-]{subsection.3.5.6}{\376\377\000C\000a\000b\000e\000c\000e\000r\000a\000\040\000X\000-\000C\000o\000n\000t\000e\000n\000t\000-\000T\000y\000p\000e\000-\000O\000p\000t\000i\000o\000n\000s}{section.3.5}% 26
\BOOKMARK [2][-]{subsection.3.5.7}{\376\377\000C\000a\000b\000e\000c\000e\000r\000a\000\040\000X\000-\000F\000r\000a\000m\000e\000-\000O\000p\000t\000i\000o\000n\000s}{section.3.5}% 27
\BOOKMARK [2][-]{subsection.3.5.8}{\376\377\000C\000a\000b\000e\000c\000e\000r\000a\000\040\000X\000-\000P\000e\000r\000m\000i\000t\000t\000e\000d\000-\000C\000r\000o\000s\000s\000-\000D\000o\000m\000a\000i\000n\000-\000P\000o\000l\000i\000c\000i\000e\000s}{section.3.5}% 28
\BOOKMARK [2][-]{subsection.3.5.9}{\376\377\000C\000a\000b\000e\000c\000e\000r\000a\000\040\000X\000-\000D\000N\000S\000-\000P\000r\000e\000f\000e\000t\000c\000h\000-\000C\000o\000n\000t\000r\000o\000l}{section.3.5}% 29
\BOOKMARK [2][-]{subsection.3.5.10}{\376\377\000C\000a\000b\000e\000c\000e\000r\000a\000\040\000X\000-\000D\000o\000w\000n\000l\000o\000a\000d\000-\000O\000p\000t\000i\000o\000n\000s}{section.3.5}% 30
\BOOKMARK [2][-]{subsection.3.5.11}{\376\377\000C\000a\000b\000e\000c\000e\000r\000a\000\040\000R\000e\000f\000e\000r\000r\000e\000r\000-\000P\000o\000l\000i\000c\000y}{section.3.5}% 31
\BOOKMARK [2][-]{subsection.3.5.12}{\376\377\000C\000a\000b\000e\000c\000e\000r\000a\000\040\000F\000e\000a\000t\000u\000r\000e\000-\000P\000o\000l\000i\000c\000y}{section.3.5}% 32
\BOOKMARK [2][-]{subsection.3.5.13}{\376\377\000C\000a\000b\000e\000c\000e\000r\000a\000\040\000E\000x\000p\000e\000c\000t\000-\000C\000T}{section.3.5}% 33
\BOOKMARK [2][-]{subsection.3.5.14}{\376\377\000C\000o\000n\000f\000i\000g\000u\000r\000a\000c\000i\000o\000n\000\040\000P\000H\000P}{section.3.5}% 34
\BOOKMARK [2][-]{subsection.3.5.15}{\376\377\000C\000o\000n\000f\000i\000g\000u\000r\000a\000c\000i\000o\000n\000\040\000A\000p\000a\000c\000h\000e}{section.3.5}% 35
\BOOKMARK [1][-]{section.3.6}{\376\377\000C\000o\000m\000p\000o\000n\000e\000n\000t\000e\000s\000\040\000v\000u\000l\000n\000e\000r\000a\000b\000l\000e\000s\000\040\000y\000\040\000o\000b\000s\000o\000l\000e\000t\000o\000s}{chapter.3}% 36
\BOOKMARK [2][-]{subsection.3.6.1}{\376\377\000C\000o\000n\000t\000r\000o\000l\000\040\000d\000e\000\040\000v\000e\000r\000s\000i\000o\000n\000e\000s\000\040\000d\000e\000\040\000l\000o\000s\000\040\000c\000o\000m\000p\000o\000n\000e\000n\000t\000e\000s}{section.3.6}% 37
\BOOKMARK [1][-]{section.3.7}{\376\377\000F\000a\000l\000l\000o\000s\000\040\000d\000e\000\040\000i\000d\000e\000n\000t\000i\000f\000i\000c\000a\000c\000i\000\363\000n\000\040\000y\000\040\000a\000u\000t\000e\000n\000t\000i\000c\000a\000c\000i\000\363\000n}{chapter.3}% 38
\BOOKMARK [2][-]{subsection.3.7.1}{\376\377\000C\000a\000p\000t\000c\000h\000a}{section.3.7}% 39
\BOOKMARK [2][-]{subsection.3.7.2}{\376\377\000C\000o\000n\000t\000r\000a\000s\000e\000\361\000a\000s\000\040\000d\000e\000b\000i\000l\000e\000s\000\040\000o\000\040\000p\000o\000r\000\040\000d\000e\000f\000e\000c\000t\000o}{section.3.7}% 40
\BOOKMARK [2][-]{subsection.3.7.3}{\376\377\000I\000n\000v\000a\000l\000i\000d\000a\000c\000i\000o\000n\000\040\000d\000e\000\040\000s\000e\000s\000i\000o\000n\000e\000s}{section.3.7}% 41
\BOOKMARK [1][-]{section.3.8}{\376\377\000F\000a\000l\000l\000o\000s\000\040\000e\000n\000\040\000l\000a\000\040\000i\000n\000t\000e\000g\000r\000i\000d\000a\000d\000\040\000d\000e\000\040\000d\000a\000t\000o\000s\000\040\000y\000\040\000s\000o\000f\000t\000w\000a\000r\000e}{chapter.3}% 42
\BOOKMARK [2][-]{subsection.3.8.1}{\376\377\000C\000o\000p\000i\000a\000s\000\040\000d\000e\000\040\000s\000e\000g\000u\000r\000i\000d\000a\000d}{section.3.8}% 43
\BOOKMARK [2][-]{subsection.3.8.2}{\376\377\000C\000I\000/\000C\000D}{section.3.8}% 44
\BOOKMARK [1][-]{section.3.9}{\376\377\000F\000a\000l\000l\000o\000s\000\040\000e\000n\000\040\000l\000a\000\040\000m\000o\000n\000i\000t\000o\000r\000i\000z\000a\000c\000i\000o\000n\000\040\000d\000e\000\040\000l\000a\000\040\000s\000e\000g\000u\000r\000i\000d\000a\000d}{chapter.3}% 45
\BOOKMARK [2][-]{subsection.3.9.1}{\376\377\000A\000u\000d\000i\000t\000o\000r\000i\000a\000s\000\040\000d\000e\000\040\000s\000e\000g\000u\000r\000i\000d\000a\000d}{section.3.9}% 46
\BOOKMARK [2][-]{subsection.3.9.2}{\376\377\000C\000o\000n\000f\000i\000g\000u\000r\000a\000c\000i\000o\000n\000\040\000d\000e\000\040\000l\000o\000g\000s\000\040\000d\000e\000l\000\040\000s\000i\000s\000t\000e\000m\000a}{section.3.9}% 47
\BOOKMARK [0][-]{chapter.4}{\376\377\000S\000e\000g\000u\000n\000d\000a\000\040\000a\000u\000d\000i\000t\000o\000r\000i\000a}{}% 48
\BOOKMARK [1][-]{section.4.1}{\376\377\000Z\000A\000P}{chapter.4}% 49
\BOOKMARK [1][-]{section.4.2}{\376\377\000s\000q\000l\000m\000a\000p}{chapter.4}% 50
\BOOKMARK [1][-]{section.4.3}{\376\377\000n\000m\000a\000p}{chapter.4}% 51
\BOOKMARK [1][-]{section.4.4}{\376\377\000M\000e\000t\000a\000e\000x\000p\000l\000o\000i\000t}{chapter.4}% 52
\BOOKMARK [0][-]{chapter.5}{\376\377\000C\000o\000n\000c\000l\000u\000s\000i\000o\000n\000e\000s}{}% 53
\BOOKMARK [0][-]{chapter.6}{\376\377\000B\000i\000b\000l\000i\000o\000g\000r\000a\000f\000i\000a}{}% 54
